2025-8-4 00:25:01-debug: start **** info
2025-8-4 00:25:02-log: Cannot access game frame or container.
2025-8-4 00:25:02-debug: asset-db:require-engine-code (460ms)
2025-8-4 00:25:02-log: meshopt wasm decoder initialized
2025-8-4 00:25:02-log: [box2d]:box2d wasm lib loaded.
2025-8-4 00:25:02-log: [bullet]:bullet wasm lib loaded.
2025-8-4 00:25:02-log: Cocos Creator v3.8.6
2025-8-4 00:25:02-log: Forward render pipeline initialized.
2025-8-4 00:25:03-debug: [Assets Memory track]: asset-db-plugin-register: builder start:88.59MB, end 224.17MB, increase: 135.57MB
2025-8-4 00:25:03-debug: [Assets Memory track]: asset-db-plugin-register: engine-extends start:224.37MB, end 227.22MB, increase: 2.85MB
2025-8-4 00:25:03-debug: [Assets Memory track]: asset-db-plugin-register: project start:80.75MB, end 227.38MB, increase: 146.63MB
2025-8-4 00:25:03-debug: [Assets Memory track]: asset-db:worker-init: initPlugin start:80.06MB, end 227.84MB, increase: 147.78MB
2025-8-4 00:25:02-log: Using legacy pipeline
2025-8-4 00:25:02-debug: [Assets Memory track]: asset-db:worker-init: initEngine start:29.61MB, end 80.04MB, increase: 50.43MB
2025-8-4 00:25:02-debug: [Assets Memory track]: asset-db-plugin-register: programming start:80.88MB, end 88.56MB, increase: 7.68MB
2025-8-4 00:25:03-debug: run package(mac) handler(enable) success!
2025-8-4 00:25:03-debug: run package(native) handler(enable) start
2025-8-4 00:25:03-debug: run package(native) handler(enable) success!
2025-8-4 00:25:03-debug: run package(ohos) handler(enable) start
2025-8-4 00:25:03-debug: run package(ohos) handler(enable) success!
2025-8-4 00:25:03-debug: run package(oppo-mini-game) handler(enable) start
2025-8-4 00:25:03-debug: run package(migu-mini-game) handler(enable) success!
2025-8-4 00:25:03-debug: run package(runtime-dev-tools) handler(enable) start
2025-8-4 00:25:03-debug: run package(runtime-dev-tools) handler(enable) success!
2025-8-4 00:25:03-debug: run package(taobao-mini-game) handler(enable) start
2025-8-4 00:25:03-debug: run package(taobao-mini-game) handler(enable) success!
2025-8-4 00:25:03-debug: run package(vivo-mini-game) handler(enable) start
2025-8-4 00:25:03-debug: run package(vivo-mini-game) handler(enable) success!
2025-8-4 00:25:03-debug: run package(web-desktop) handler(enable) success!
2025-8-4 00:25:03-debug: run package(web-desktop) handler(enable) start
2025-8-4 00:25:03-debug: run package(web-mobile) handler(enable) start
2025-8-4 00:25:03-debug: run package(web-mobile) handler(enable) success!
2025-8-4 00:25:03-debug: run package(wechatgame) handler(enable) start
2025-8-4 00:25:03-debug: run package(wechatgame) handler(enable) success!
2025-8-4 00:25:03-debug: run package(wechatprogram) handler(enable) start
2025-8-4 00:25:03-debug: run package(wechatprogram) handler(enable) success!
2025-8-4 00:25:03-debug: run package(windows) handler(enable) start
2025-8-4 00:25:03-debug: run package(windows) handler(enable) success!
2025-8-4 00:25:03-debug: run package(xiaomi-quick-game) handler(enable) start
2025-8-4 00:25:03-debug: run package(xiaomi-quick-game) handler(enable) success!
2025-8-4 00:25:03-debug: run package(cocos-service) handler(enable) start
2025-8-4 00:25:03-debug: run package(cocos-service) handler(enable) success!
2025-8-4 00:25:03-debug: run package(im-plugin) handler(enable) start
2025-8-4 00:25:03-debug: run package(im-plugin) handler(enable) success!
2025-8-4 00:25:03-debug: run package(fix-asset-default-userdata) handler(enable) start
2025-8-4 00:25:03-debug: run package(fix-asset-default-userdata) handler(enable) success!
2025-8-4 00:25:03-debug: run package(migu-mini-game) handler(enable) start
2025-8-4 00:25:03-debug: run package(placeholder) handler(enable) success!
2025-8-4 00:25:03-debug: run package(placeholder) handler(enable) start
2025-8-4 00:25:03-debug: run package(oppo-mini-game) handler(enable) success!
2025-8-4 00:25:03-debug: run package(mac) handler(enable) start
2025-8-4 00:25:03-debug: asset-db:worker-init: initPlugin (864ms)
2025-8-4 00:25:03-debug: [Assets Memory track]: asset-db:worker-init start:29.60MB, end 228.63MB, increase: 199.04MB
2025-8-4 00:25:03-debug: Run asset db hook engine-extends:beforePreStart success!
2025-8-4 00:25:03-debug: Run asset db hook programming:beforePreStart success!
2025-8-4 00:25:03-debug: Run asset db hook engine-extends:beforePreStart ...
2025-8-4 00:25:03-debug: Run asset db hook programming:beforePreStart ...
2025-8-4 00:25:03-debug: asset-db:worker-init (1432ms)
2025-8-4 00:25:03-debug: asset-db-hook-programming-beforePreStart (60ms)
2025-8-4 00:25:03-debug: asset-db-hook-engine-extends-beforePreStart (60ms)
2025-8-4 00:25:03-debug: Preimport db internal success
2025-8-4 00:25:03-debug: Preimport db assets success
2025-8-4 00:25:03-debug: Run asset db hook programming:afterPreStart ...
2025-8-4 00:25:03-debug: starting packer-driver...
2025-8-4 00:25:03-debug: initialize scripting environment...
2025-8-4 00:25:03-debug: [[Executor]] prepare before lock
2025-8-4 00:25:03-debug: Set detail map pack:///resolution-detail-map.json: {}
2025-8-4 00:25:03-debug: Run asset db hook engine-extends:afterPreStart ...
2025-8-4 00:25:03-debug: Run asset db hook programming:afterPreStart success!
2025-8-4 00:25:03-debug: [[Executor]] prepare after unlock
2025-8-4 00:25:03-debug: [Assets Memory track]: asset-db:worker-init: preStart start:228.65MB, end 231.45MB, increase: 2.81MB
2025-8-4 00:25:03-debug: Run asset db hook engine-extends:afterPreStart success!
2025-8-4 00:25:03-debug: Start up the 'internal' database...
2025-8-4 00:25:03-debug: asset-db-hook-programming-afterPreStart (307ms)
2025-8-4 00:25:03-debug: asset-db:worker-effect-data-processing (177ms)
2025-8-4 00:25:03-debug: asset-db-hook-engine-extends-afterPreStart (177ms)
2025-8-4 00:25:03-debug: [Assets Memory track]: asset-db:worker-startup-database[internal] start:228.73MB, end 242.26MB, increase: 13.54MB
2025-8-4 00:25:03-debug: Start up the 'assets' database...
2025-8-4 00:25:03-debug: asset-db:worker-startup-database[internal] (426ms)
2025-8-4 00:25:03-debug: [Assets Memory track]: asset-db:worker-startup-database[assets] start:231.34MB, end 242.32MB, increase: 10.98MB
2025-8-4 00:25:03-debug: lazy register asset handler text
2025-8-4 00:25:03-debug: lazy register asset handler json
2025-8-4 00:25:03-debug: lazy register asset handler spine-data
2025-8-4 00:25:03-debug: lazy register asset handler dragonbones
2025-8-4 00:25:03-debug: lazy register asset handler dragonbones-atlas
2025-8-4 00:25:03-debug: lazy register asset handler terrain
2025-8-4 00:25:03-debug: lazy register asset handler javascript
2025-8-4 00:25:03-debug: lazy register asset handler typescript
2025-8-4 00:25:03-debug: lazy register asset handler scene
2025-8-4 00:25:03-debug: lazy register asset handler prefab
2025-8-4 00:25:03-debug: lazy register asset handler sprite-frame
2025-8-4 00:25:03-debug: lazy register asset handler tiled-map
2025-8-4 00:25:03-debug: lazy register asset handler buffer
2025-8-4 00:25:03-debug: lazy register asset handler image
2025-8-4 00:25:03-debug: lazy register asset handler sign-image
2025-8-4 00:25:03-debug: lazy register asset handler alpha-image
2025-8-4 00:25:03-debug: lazy register asset handler texture
2025-8-4 00:25:03-debug: lazy register asset handler texture-cube
2025-8-4 00:25:03-debug: lazy register asset handler erp-texture-cube
2025-8-4 00:25:03-debug: lazy register asset handler render-texture
2025-8-4 00:25:03-debug: lazy register asset handler texture-cube-face
2025-8-4 00:25:03-debug: lazy register asset handler rt-sprite-frame
2025-8-4 00:25:03-debug: lazy register asset handler gltf
2025-8-4 00:25:03-debug: lazy register asset handler gltf-mesh
2025-8-4 00:25:03-debug: lazy register asset handler gltf-animation
2025-8-4 00:25:03-debug: lazy register asset handler gltf-skeleton
2025-8-4 00:25:03-debug: lazy register asset handler gltf-material
2025-8-4 00:25:03-debug: lazy register asset handler gltf-scene
2025-8-4 00:25:03-debug: lazy register asset handler gltf-embeded-image
2025-8-4 00:25:03-debug: lazy register asset handler fbx
2025-8-4 00:25:03-debug: lazy register asset handler material
2025-8-4 00:25:03-debug: lazy register asset handler physics-material
2025-8-4 00:25:03-debug: lazy register asset handler effect
2025-8-4 00:25:03-debug: lazy register asset handler effect-header
2025-8-4 00:25:03-debug: lazy register asset handler audio-clip
2025-8-4 00:25:03-debug: lazy register asset handler animation-clip
2025-8-4 00:25:03-debug: lazy register asset handler animation-graph
2025-8-4 00:25:03-debug: lazy register asset handler animation-graph-variant
2025-8-4 00:25:03-debug: lazy register asset handler directory
2025-8-4 00:25:03-debug: lazy register asset handler ttf-font
2025-8-4 00:25:03-debug: lazy register asset handler bitmap-font
2025-8-4 00:25:03-debug: lazy register asset handler particle
2025-8-4 00:25:03-debug: lazy register asset handler sprite-atlas
2025-8-4 00:25:03-debug: lazy register asset handler auto-atlas
2025-8-4 00:25:03-debug: lazy register asset handler label-atlas
2025-8-4 00:25:03-debug: lazy register asset handler render-pipeline
2025-8-4 00:25:03-debug: lazy register asset handler render-stage
2025-8-4 00:25:03-debug: lazy register asset handler render-flow
2025-8-4 00:25:03-debug: lazy register asset handler instantiation-material
2025-8-4 00:25:03-debug: lazy register asset handler instantiation-mesh
2025-8-4 00:25:03-debug: lazy register asset handler instantiation-skeleton
2025-8-4 00:25:03-debug: lazy register asset handler instantiation-animation
2025-8-4 00:25:03-debug: lazy register asset handler video-clip
2025-8-4 00:25:03-debug: lazy register asset handler *
2025-8-4 00:25:03-debug: lazy register asset handler animation-mask
2025-8-4 00:25:03-debug: [Assets Memory track]: asset-db:worker-init: startup start:231.46MB, end 242.33MB, increase: 10.87MB
2025-8-4 00:25:03-debug: asset-db:worker-startup-database[assets] (364ms)
2025-8-4 00:25:03-debug: asset-db:ready (3165ms)
2025-8-4 00:25:03-debug: fix the bug of updateDefaultUserData
2025-8-4 00:25:03-debug: asset-db:start-database (451ms)
2025-8-4 00:25:03-debug: init worker message success
2025-8-4 00:25:03-debug: programming:execute-script (3ms)
2025-8-4 00:25:04-debug: [Build Memory track]: builder:worker-init start:240.72MB, end 253.17MB, increase: 12.44MB
2025-8-4 00:25:04-debug: builder:worker-init (211ms)
2025-8-4 00:26:01-debug: start refresh asset from /Users/bytedance/Documents/trae_code/Cocos/Project_pop/assets/测试空场景.scene...
2025-8-4 00:26:01-debug: %cImport%c: /Users/bytedance/Documents/trae_code/Cocos/Project_pop/assets/测试空场景.scenebackground: #aaff85; color: #000;color: #000;
2025-8-4 00:26:01-debug: refresh asset /Users/bytedance/Documents/trae_code/Cocos/Project_pop/assets success
