2025-8-3 23:53:45-debug: start **** info
2025-8-3 23:53:46-log: Cannot access game frame or container.
2025-8-3 23:53:46-debug: asset-db:require-engine-code (452ms)
2025-8-3 23:53:46-log: meshopt wasm decoder initialized
2025-8-3 23:53:46-log: [box2d]:box2d wasm lib loaded.
2025-8-3 23:53:46-log: [bullet]:bullet wasm lib loaded.
2025-8-3 23:53:46-log: Cocos Creator v3.8.6
2025-8-3 23:53:46-debug: [Assets Memory track]: asset-db-plugin-register: programming start:80.89MB, end 88.55MB, increase: 7.67MB
2025-8-3 23:53:47-debug: [Assets Memory track]: asset-db-plugin-register: builder start:88.58MB, end 224.59MB, increase: 136.01MB
2025-8-3 23:53:47-debug: [Assets Memory track]: asset-db-plugin-register: engine-extends start:224.80MB, end 227.66MB, increase: 2.86MB
2025-8-3 23:53:46-debug: [Assets Memory track]: asset-db:worker-init: initEngine start:29.44MB, end 80.06MB, increase: 50.63MB
2025-8-3 23:53:47-debug: [Assets Memory track]: asset-db:worker-init: initPlugin start:80.08MB, end 228.43MB, increase: 148.35MB
2025-8-3 23:53:46-log: Using legacy pipeline
2025-8-3 23:53:47-debug: [Assets Memory track]: asset-db-plugin-register: project start:80.78MB, end 227.82MB, increase: 147.04MB
2025-8-3 23:53:46-log: Forward render pipeline initialized.
2025-8-3 23:53:47-debug: run package(huawei-quick-game) handler(enable) start
2025-8-3 23:53:47-debug: run package(huawei-quick-game) handler(enable) success!
2025-8-3 23:53:47-debug: run package(ios) handler(enable) success!
2025-8-3 23:53:47-debug: run package(ios) handler(enable) start
2025-8-3 23:53:47-debug: run package(mac) handler(enable) start
2025-8-3 23:53:47-debug: run package(migu-mini-game) handler(enable) start
2025-8-3 23:53:47-debug: run package(migu-mini-game) handler(enable) success!
2025-8-3 23:53:47-debug: run package(native) handler(enable) start
2025-8-3 23:53:47-debug: run package(native) handler(enable) success!
2025-8-3 23:53:47-debug: run package(linux) handler(enable) start
2025-8-3 23:53:47-debug: run package(ohos) handler(enable) success!
2025-8-3 23:53:47-debug: run package(mac) handler(enable) success!
2025-8-3 23:53:47-debug: run package(ohos) handler(enable) start
2025-8-3 23:53:47-debug: run package(runtime-dev-tools) handler(enable) start
2025-8-3 23:53:47-debug: run package(runtime-dev-tools) handler(enable) success!
2025-8-3 23:53:47-debug: run package(taobao-mini-game) handler(enable) start
2025-8-3 23:53:47-debug: run package(taobao-mini-game) handler(enable) success!
2025-8-3 23:53:47-debug: run package(vivo-mini-game) handler(enable) start
2025-8-3 23:53:47-debug: run package(oppo-mini-game) handler(enable) start
2025-8-3 23:53:47-debug: run package(web-desktop) handler(enable) start
2025-8-3 23:53:47-debug: run package(web-desktop) handler(enable) success!
2025-8-3 23:53:47-debug: run package(web-mobile) handler(enable) start
2025-8-3 23:53:47-debug: run package(web-mobile) handler(enable) success!
2025-8-3 23:53:47-debug: run package(wechatgame) handler(enable) start
2025-8-3 23:53:47-debug: run package(wechatgame) handler(enable) success!
2025-8-3 23:53:47-debug: run package(wechatprogram) handler(enable) start
2025-8-3 23:53:47-debug: run package(vivo-mini-game) handler(enable) success!
2025-8-3 23:53:47-debug: run package(wechatprogram) handler(enable) success!
2025-8-3 23:53:47-debug: run package(windows) handler(enable) success!
2025-8-3 23:53:47-debug: run package(xiaomi-quick-game) handler(enable) success!
2025-8-3 23:53:47-debug: run package(windows) handler(enable) start
2025-8-3 23:53:47-debug: run package(cocos-service) handler(enable) start
2025-8-3 23:53:47-debug: run package(cocos-service) handler(enable) success!
2025-8-3 23:53:47-debug: run package(im-plugin) handler(enable) start
2025-8-3 23:53:47-debug: run package(im-plugin) handler(enable) success!
2025-8-3 23:53:47-debug: run package(fix-asset-default-userdata) handler(enable) start
2025-8-3 23:53:47-debug: run package(fix-asset-default-userdata) handler(enable) success!
2025-8-3 23:53:47-debug: run package(placeholder) handler(enable) start
2025-8-3 23:53:47-debug: run package(placeholder) handler(enable) success!
2025-8-3 23:53:47-debug: asset-db:worker-init: initPlugin (858ms)
2025-8-3 23:53:47-debug: run package(linux) handler(enable) success!
2025-8-3 23:53:47-debug: run package(oppo-mini-game) handler(enable) success!
2025-8-3 23:53:47-debug: run package(xiaomi-quick-game) handler(enable) start
2025-8-3 23:53:47-debug: [Assets Memory track]: asset-db:worker-init start:29.43MB, end 229.26MB, increase: 199.84MB
2025-8-3 23:53:47-debug: Run asset db hook engine-extends:beforePreStart success!
2025-8-3 23:53:47-debug: Run asset db hook programming:beforePreStart ...
2025-8-3 23:53:47-debug: Run asset db hook engine-extends:beforePreStart ...
2025-8-3 23:53:47-debug: Run asset db hook programming:beforePreStart success!
2025-8-3 23:53:47-debug: asset-db:worker-init (1421ms)
2025-8-3 23:53:47-debug: asset-db-hook-programming-beforePreStart (59ms)
2025-8-3 23:53:47-debug: asset-db-hook-engine-extends-beforePreStart (59ms)
2025-8-3 23:53:47-debug: Preimport db internal success
2025-8-3 23:53:47-debug: Preimport db assets success
2025-8-3 23:53:47-debug: Run asset db hook programming:afterPreStart ...
2025-8-3 23:53:47-debug: starting packer-driver...
2025-8-3 23:53:47-debug: initialize scripting environment...
2025-8-3 23:53:47-debug: [[Executor]] prepare before lock
2025-8-3 23:53:47-debug: Set detail map pack:///resolution-detail-map.json: {}
2025-8-3 23:53:47-debug: [[Executor]] prepare after unlock
2025-8-3 23:53:47-debug: Start up the 'internal' database...
2025-8-3 23:53:47-debug: [Assets Memory track]: asset-db:worker-init: preStart start:229.27MB, end 232.06MB, increase: 2.79MB
2025-8-3 23:53:47-debug: Run asset db hook engine-extends:afterPreStart success!
2025-8-3 23:53:47-debug: Run asset db hook programming:afterPreStart success!
2025-8-3 23:53:47-debug: Run asset db hook engine-extends:afterPreStart ...
2025-8-3 23:53:47-debug: asset-db-hook-programming-afterPreStart (286ms)
2025-8-3 23:53:47-debug: asset-db-hook-engine-extends-afterPreStart (180ms)
2025-8-3 23:53:47-debug: asset-db:worker-effect-data-processing (180ms)
2025-8-3 23:53:47-debug: [Assets Memory track]: asset-db:worker-startup-database[internal] start:229.35MB, end 242.73MB, increase: 13.38MB
2025-8-3 23:53:47-debug: Start up the 'assets' database...
2025-8-3 23:53:47-debug: asset-db:worker-startup-database[internal] (408ms)
2025-8-3 23:53:47-debug: [Assets Memory track]: asset-db:worker-startup-database[assets] start:231.74MB, end 242.80MB, increase: 11.06MB
2025-8-3 23:53:47-debug: [Assets Memory track]: asset-db:worker-init: startup start:232.07MB, end 242.81MB, increase: 10.74MB
2025-8-3 23:53:47-debug: lazy register asset handler json
2025-8-3 23:53:47-debug: lazy register asset handler spine-data
2025-8-3 23:53:47-debug: lazy register asset handler dragonbones
2025-8-3 23:53:47-debug: lazy register asset handler dragonbones-atlas
2025-8-3 23:53:47-debug: lazy register asset handler terrain
2025-8-3 23:53:47-debug: lazy register asset handler javascript
2025-8-3 23:53:47-debug: lazy register asset handler typescript
2025-8-3 23:53:47-debug: lazy register asset handler scene
2025-8-3 23:53:47-debug: lazy register asset handler directory
2025-8-3 23:53:47-debug: lazy register asset handler tiled-map
2025-8-3 23:53:47-debug: lazy register asset handler buffer
2025-8-3 23:53:47-debug: lazy register asset handler sprite-frame
2025-8-3 23:53:47-debug: lazy register asset handler image
2025-8-3 23:53:47-debug: lazy register asset handler *
2025-8-3 23:53:47-debug: lazy register asset handler sign-image
2025-8-3 23:53:47-debug: lazy register asset handler texture
2025-8-3 23:53:47-debug: lazy register asset handler prefab
2025-8-3 23:53:47-debug: lazy register asset handler erp-texture-cube
2025-8-3 23:53:47-debug: lazy register asset handler render-texture
2025-8-3 23:53:47-debug: lazy register asset handler texture-cube-face
2025-8-3 23:53:47-debug: lazy register asset handler rt-sprite-frame
2025-8-3 23:53:47-debug: lazy register asset handler gltf
2025-8-3 23:53:47-debug: lazy register asset handler gltf-mesh
2025-8-3 23:53:47-debug: lazy register asset handler gltf-animation
2025-8-3 23:53:47-debug: lazy register asset handler gltf-skeleton
2025-8-3 23:53:47-debug: lazy register asset handler gltf-material
2025-8-3 23:53:47-debug: lazy register asset handler gltf-scene
2025-8-3 23:53:47-debug: lazy register asset handler gltf-embeded-image
2025-8-3 23:53:47-debug: lazy register asset handler material
2025-8-3 23:53:47-debug: lazy register asset handler fbx
2025-8-3 23:53:47-debug: lazy register asset handler physics-material
2025-8-3 23:53:47-debug: lazy register asset handler effect
2025-8-3 23:53:47-debug: lazy register asset handler audio-clip
2025-8-3 23:53:47-debug: lazy register asset handler effect-header
2025-8-3 23:53:47-debug: lazy register asset handler animation-clip
2025-8-3 23:53:47-debug: lazy register asset handler animation-graph
2025-8-3 23:53:47-debug: lazy register asset handler animation-graph-variant
2025-8-3 23:53:47-debug: lazy register asset handler animation-mask
2025-8-3 23:53:47-debug: lazy register asset handler ttf-font
2025-8-3 23:53:47-debug: lazy register asset handler bitmap-font
2025-8-3 23:53:47-debug: lazy register asset handler particle
2025-8-3 23:53:47-debug: lazy register asset handler sprite-atlas
2025-8-3 23:53:47-debug: lazy register asset handler auto-atlas
2025-8-3 23:53:47-debug: lazy register asset handler label-atlas
2025-8-3 23:53:47-debug: lazy register asset handler render-pipeline
2025-8-3 23:53:47-debug: lazy register asset handler render-stage
2025-8-3 23:53:47-debug: lazy register asset handler render-flow
2025-8-3 23:53:47-debug: lazy register asset handler instantiation-mesh
2025-8-3 23:53:47-debug: lazy register asset handler instantiation-material
2025-8-3 23:53:47-debug: lazy register asset handler instantiation-skeleton
2025-8-3 23:53:47-debug: lazy register asset handler instantiation-animation
2025-8-3 23:53:47-debug: lazy register asset handler video-clip
2025-8-3 23:53:47-debug: lazy register asset handler texture-cube
2025-8-3 23:53:47-debug: lazy register asset handler text
2025-8-3 23:53:47-debug: lazy register asset handler alpha-image
2025-8-3 23:53:47-debug: asset-db:ready (3016ms)
2025-8-3 23:53:47-debug: asset-db:start-database (434ms)
2025-8-3 23:53:47-debug: fix the bug of updateDefaultUserData
2025-8-3 23:53:47-debug: asset-db:worker-startup-database[assets] (347ms)
2025-8-3 23:53:47-debug: init worker message success
2025-8-3 23:53:47-debug: programming:execute-script (3ms)
2025-8-3 23:53:47-debug: [Build Memory track]: builder:worker-init start:241.20MB, end 253.81MB, increase: 12.61MB
2025-8-3 23:53:47-debug: builder:worker-init (216ms)
2025-8-3 23:54:18-debug: refresh db internal success
2025-8-3 23:54:18-debug: refresh db assets success
2025-8-3 23:54:18-debug: Run asset db hook engine-extends:afterRefresh ...
2025-8-3 23:54:18-debug: Run asset db hook engine-extends:afterRefresh success!
2025-8-3 23:54:18-debug: asset-db:refresh-all-database (37ms)
2025-8-3 23:54:43-debug: run package(localization-editor) handler(register) start
2025-8-3 23:54:43-debug: run package(localization-editor) handler(register) success!
2025-8-3 23:54:43-debug: run package(localization-editor) handler(enable) start
2025-8-3 23:54:43-debug: run package(localization-editor) handler(enable) success!
2025-8-3 23:55:47-debug: refresh db internal success
2025-8-3 23:55:47-debug: refresh db assets success
2025-8-3 23:55:47-debug: Run asset db hook engine-extends:afterRefresh ...
2025-8-3 23:55:47-debug: Run asset db hook engine-extends:afterRefresh success!
2025-8-3 23:55:47-debug: asset-db:refresh-all-database (27ms)
2025-8-3 23:55:47-debug: asset-db:worker-effect-data-processing (1ms)
2025-8-3 23:55:47-debug: asset-db-hook-engine-extends-afterRefresh (1ms)
2025-8-3 23:57:39-debug: refresh db internal success
2025-8-3 23:57:39-debug: refresh db assets success
2025-8-3 23:57:39-debug: Run asset db hook engine-extends:afterRefresh ...
2025-8-3 23:57:39-debug: Run asset db hook engine-extends:afterRefresh success!
2025-8-3 23:57:39-debug: asset-db:refresh-all-database (21ms)
2025-8-3 23:57:39-debug: asset-db:worker-effect-data-processing (1ms)
2025-8-3 23:57:39-debug: asset-db-hook-engine-extends-afterRefresh (1ms)
2025-8-3 23:58:08-debug: refresh db internal success
2025-8-3 23:58:08-debug: refresh db assets success
2025-8-3 23:58:08-debug: Run asset db hook engine-extends:afterRefresh ...
2025-8-3 23:58:08-debug: Run asset db hook engine-extends:afterRefresh success!
2025-8-3 23:58:08-debug: asset-db:refresh-all-database (18ms)
2025-8-3 23:58:08-debug: asset-db:worker-effect-data-processing (1ms)
2025-8-3 23:58:08-debug: asset-db-hook-engine-extends-afterRefresh (1ms)
2025-8-3 23:58:26-debug: run package(localization-editor) handler(disable) start
2025-8-3 23:58:26-debug: run package(localization-editor) handler(disable) success!
2025-8-3 23:59:38-debug: refresh db internal success
2025-8-3 23:59:38-debug: refresh db assets success
2025-8-3 23:59:38-debug: Run asset db hook engine-extends:afterRefresh ...
2025-8-3 23:59:38-debug: Run asset db hook engine-extends:afterRefresh success!
2025-8-3 23:59:38-debug: asset-db:refresh-all-database (30ms)
2025-8-3 23:59:38-debug: asset-db-hook-engine-extends-afterRefresh (1ms)
2025-8-3 23:59:39-debug: refresh db internal success
2025-8-3 23:59:39-debug: refresh db assets success
2025-8-3 23:59:39-debug: Run asset db hook engine-extends:afterRefresh ...
2025-8-3 23:59:39-debug: Run asset db hook engine-extends:afterRefresh success!
2025-8-3 23:59:39-debug: asset-db:refresh-all-database (18ms)
2025-8-4 00:05:23-debug: refresh db internal success
2025-8-4 00:05:23-debug: refresh db assets success
2025-8-4 00:05:23-debug: Run asset db hook engine-extends:afterRefresh ...
2025-8-4 00:05:23-debug: Run asset db hook engine-extends:afterRefresh success!
2025-8-4 00:05:23-debug: asset-db:refresh-all-database (21ms)
2025-8-4 00:05:23-debug: asset-db:worker-effect-data-processing (1ms)
2025-8-4 00:05:23-debug: asset-db-hook-engine-extends-afterRefresh (1ms)
2025-8-4 00:10:00-debug: refresh db internal success
2025-8-4 00:10:00-debug: refresh db assets success
2025-8-4 00:10:00-debug: Run asset db hook engine-extends:afterRefresh ...
2025-8-4 00:10:00-debug: Run asset db hook engine-extends:afterRefresh success!
2025-8-4 00:10:00-debug: asset-db:refresh-all-database (20ms)
2025-8-4 00:11:24-debug: refresh db internal success
2025-8-4 00:11:24-debug: refresh db assets success
2025-8-4 00:11:24-debug: Run asset db hook engine-extends:afterRefresh ...
2025-8-4 00:11:24-debug: Run asset db hook engine-extends:afterRefresh success!
2025-8-4 00:11:24-debug: asset-db:refresh-all-database (21ms)
2025-8-4 00:11:24-debug: asset-db:worker-effect-data-processing (1ms)
2025-8-4 00:11:24-debug: asset-db-hook-engine-extends-afterRefresh (1ms)
2025-8-4 00:14:44-debug: refresh db internal success
2025-8-4 00:14:44-debug: refresh db assets success
2025-8-4 00:14:44-debug: Run asset db hook engine-extends:afterRefresh ...
2025-8-4 00:14:44-debug: Run asset db hook engine-extends:afterRefresh success!
2025-8-4 00:14:44-debug: asset-db:refresh-all-database (32ms)
2025-8-4 00:14:44-debug: asset-db:worker-effect-data-processing (2ms)
2025-8-4 00:14:44-debug: asset-db-hook-engine-extends-afterRefresh (2ms)
2025-8-4 00:16:48-debug: refresh db internal success
2025-8-4 00:16:48-debug: refresh db assets success
2025-8-4 00:16:48-debug: Run asset db hook engine-extends:afterRefresh ...
2025-8-4 00:16:48-debug: Run asset db hook engine-extends:afterRefresh success!
2025-8-4 00:16:48-debug: asset-db:refresh-all-database (24ms)
2025-8-4 00:16:48-debug: asset-db:worker-effect-data-processing (1ms)
2025-8-4 00:16:48-debug: asset-db-hook-engine-extends-afterRefresh (1ms)
2025-8-4 00:18:55-debug: refresh db internal success
2025-8-4 00:18:55-debug: refresh db assets success
2025-8-4 00:18:55-debug: Run asset db hook engine-extends:afterRefresh ...
2025-8-4 00:18:55-debug: Run asset db hook engine-extends:afterRefresh success!
2025-8-4 00:18:55-debug: asset-db:refresh-all-database (26ms)
2025-8-4 00:18:55-debug: asset-db:worker-effect-data-processing (1ms)
2025-8-4 00:18:55-debug: asset-db-hook-engine-extends-afterRefresh (1ms)
2025-8-4 00:19:12-debug: refresh db internal success
2025-8-4 00:19:12-debug: refresh db assets success
2025-8-4 00:19:12-debug: Run asset db hook engine-extends:afterRefresh ...
2025-8-4 00:19:12-debug: Run asset db hook engine-extends:afterRefresh success!
2025-8-4 00:19:12-debug: asset-db:refresh-all-database (15ms)
2025-8-4 00:19:12-debug: asset-db:worker-effect-data-processing (1ms)
2025-8-4 00:19:12-debug: asset-db-hook-engine-extends-afterRefresh (1ms)
2025-8-4 00:19:22-debug: refresh db internal success
2025-8-4 00:19:22-debug: Run asset db hook engine-extends:afterRefresh success!
2025-8-4 00:19:22-debug: Run asset db hook engine-extends:afterRefresh ...
2025-8-4 00:19:22-debug: refresh db assets success
2025-8-4 00:19:22-debug: asset-db:refresh-all-database (15ms)
2025-8-4 00:19:22-debug: asset-db:worker-effect-data-processing (1ms)
2025-8-4 00:19:22-debug: asset-db-hook-engine-extends-afterRefresh (1ms)
